[16:02:18] [ServerMain/INFO]: Environment: authHost='https://authserver.mojang.com', accountsHost='https://api.mojang.com', sessionHost='https://sessionserver.mojang.com', servicesHost='https://api.minecraftservices.com', name='PROD'
[16:02:18] [ServerMain/INFO]: Found new data pack file/bukkit, loading it automatically
[16:02:19] [Worker-Main-1/INFO]: Loaded 7 recipes
[16:02:21] [Server thread/INFO]: Starting minecraft server version 1.18.2
[16:02:21] [Server thread/INFO]: Loading properties
[16:02:21] [Server thread/INFO]: This server is running Paper version git-Paper-388 (MC: 1.18.2) (Implementing API version 1.18.2-R0.1-SNAPSHOT) (Git: fc9ee65 on ver/1.18.2)
[16:02:21] [Server thread/INFO]: Server Ping Player Sample Count: 12
[16:02:21] [Server thread/INFO]: Using 4 threads for Netty based IO
[16:02:21] [Server thread/INFO]: Default game type: SURVIVAL
[16:02:21] [Server thread/INFO]: Generating keypair
[16:02:21] [Server thread/INFO]: Starting Minecraft server on *:25565
[16:02:21] [Server thread/INFO]: Using epoll channel type
[16:02:21] [Server thread/INFO]: Paper: Using libdeflate (Linux x86_64) compression from Velocity.
[16:02:21] [Server thread/INFO]: Paper: Using OpenSSL 1.1.x (Linux x86_64) cipher from Velocity.
[16:02:21] [Server thread/WARN]: **** SERVER IS RUNNING IN OFFLINE/INSECURE MODE!
[16:02:21] [Server thread/WARN]: The server will make no attempt to authenticate usernames. Beware.
[16:02:21] [Server thread/WARN]: While this makes the game possible to play without internet access, it also opens up the ability for hackers to connect with any username they choose.
[16:02:21] [Server thread/WARN]: To change this, set "online-mode" to "true" in the server.properties file.
[16:02:21] [Server thread/INFO]: Preparing level "world"
[16:02:31] [Server thread/INFO]: Preparing start region for dimension minecraft:overworld
[16:02:31] [Server thread/INFO]: Time elapsed: 290 ms
[16:02:31] [Server thread/INFO]: Preparing start region for dimension minecraft:the_end
[16:02:32] [Server thread/INFO]: Time elapsed: 504 ms
[16:02:32] [Server thread/INFO]: Preparing start region for dimension minecraft:the_nether
[16:02:32] [Server thread/INFO]: Time elapsed: 291 ms
[16:02:32] [Server thread/INFO]: Running delayed init tasks
[16:02:32] [Server thread/INFO]: Done (11.432s)! For help, type "help"
[16:02:32] [Server thread/INFO]: Timings Reset
[16:05:43] [Server thread/INFO]: CONSOLE: Are you sure you wish to reload your server? Doing so may cause bugs and memory leaks. It is recommended to restart instead of using /reload. To confirm, please type /reload confirm
[16:05:51] [Server thread/INFO]: CONSOLE: Please note that this command is not supported and may cause issues when using some plugins.
[16:05:51] [Server thread/INFO]: CONSOLE: If you encounter any issues please use the /stop command to restart your server.
[16:05:51] [Server thread/INFO]: Server Ping Player Sample Count: 12
[16:05:51] [Server thread/INFO]: Using 4 threads for Netty based IO
[16:05:51] [Server thread/INFO]: Loaded 7 recipes
[16:05:52] [Server thread/INFO]: Server permissions file permissions.yml is empty, ignoring it
[16:05:52] [Server thread/INFO]: CONSOLE: Reload complete.
[16:05:52] [Server thread/INFO]: Timings Reset
[16:08:09] [Server thread/INFO]: CONSOLE: Are you sure you wish to reload your server? Doing so may cause bugs and memory leaks. It is recommended to restart instead of using /reload. To confirm, please type /reload confirm
[16:08:15] [Server thread/INFO]: CONSOLE: Please note that this command is not supported and may cause issues when using some plugins.
[16:08:15] [Server thread/INFO]: CONSOLE: If you encounter any issues please use the /stop command to restart your server.
[16:08:15] [Server thread/INFO]: Server Ping Player Sample Count: 12
[16:08:15] [Server thread/INFO]: Using 4 threads for Netty based IO
[16:08:16] [Server thread/INFO]: Loaded 7 recipes
[16:08:16] [Server thread/INFO]: Server permissions file permissions.yml is empty, ignoring it
[16:08:16] [Server thread/INFO]: CONSOLE: Reload complete.
[16:08:16] [Server thread/INFO]: Timings Reset
[16:13:01] [Server thread/INFO]: Stopping the server
[16:13:01] [Server thread/INFO]: Stopping server
[16:13:01] [Server thread/INFO]: Saving players
[16:13:01] [Server thread/INFO]: Saving worlds
[16:13:01] [Server thread/INFO]: Saving chunks for level 'ServerLevel[world]'/minecraft:overworld
[16:13:04] [Server thread/INFO]: Saving chunks for level 'ServerLevel[world_the_end]'/minecraft:the_end
[16:13:04] [Server thread/INFO]: Saving chunks for level 'ServerLevel[world_nether]'/minecraft:the_nether
[16:13:04] [Server thread/INFO]: ThreadedAnvilChunkStorage (world): All chunks are saved
[16:13:04] [Server thread/INFO]: ThreadedAnvilChunkStorage (DIM1): All chunks are saved
[16:13:04] [Server thread/INFO]: ThreadedAnvilChunkStorage (DIM-1): All chunks are saved
[16:13:04] [Server thread/INFO]: ThreadedAnvilChunkStorage: All dimensions are saved
[16:13:05] [Server thread/INFO]: Flushing Chunk IO
[16:13:05] [Server thread/INFO]: Closing Thread Pool
[16:13:05] [Server thread/INFO]: Closing Server
